\BOOKMARK [0][-]{chapter.1}{\376\377\000I\000n\000t\000r\000o\000d\000u\000c\000t\000i\000o\000n}{}% 1
\BOOKMARK [1][-]{section.1.1}{\376\377\000O\000u\000t\000i\000l\000s}{chapter.1}% 2
\BOOKMARK [1][-]{section.1.2}{\376\377\000M\000a\000c\000h\000i\000n\000e\000s}{chapter.1}% 3
\BOOKMARK [1][-]{section.1.3}{\376\377\000C\000o\000n\000f\000i\000g\000u\000r\000a\000t\000i\000o\000n\000\040\000g\000\351\000n\000\351\000r\000a\000l\000e}{chapter.1}% 4
\BOOKMARK [2][-]{subsection.1.3.1}{\376\377\000N\000o\000m\000\040\000d\000e\000\040\000d\000o\000m\000a\000i\000n\000e\000s}{section.1.3}% 5
\BOOKMARK [3][-]{subsubsection.1.3.1.1}{\376\377\000F\000i\000c\000h\000i\000e\000r\000\040\000t\000e\000m\000p\000o\000r\000a\000i\000r\000e\000\040\000/\000e\000t\000c\000/\000h\000o\000s\000t\000s}{subsection.1.3.1}% 6
\BOOKMARK [3][-]{subsubsection.1.3.1.2}{\376\377\000Z\000o\000n\000e\000\040\000D\000N\000S\000\040\000U\000n\000b\000o\000u\000n\000d}{subsection.1.3.1}% 7
\BOOKMARK [2][-]{subsection.1.3.2}{\376\377\000C\000o\000n\000t\000r\000\364\000l\000e\000\040\000d\000e\000s\000\040\000r\000e\000s\000s\000o\000u\000r\000c\000e\000s}{section.1.3}% 8
\BOOKMARK [0][-]{chapter.2}{\376\377\000I\000n\000s\000t\000a\000l\000l\000a\000t\000i\000o\000n\000\040\000d\000e\000\040\000R\000a\000n\000c\000h\000e\000r\000\040\000d\000a\000n\000s\000\040\000u\000n\000\040\000c\000l\000u\000s\000t\000e\000r\000\040\000k\0003\000s}{}% 9
\BOOKMARK [1][-]{section.2.1}{\376\377\000I\000n\000s\000t\000a\000l\000l\000a\000t\000i\000o\000n\000\040\000d\000e\000\040\000k\0003\000s}{chapter.2}% 10
\BOOKMARK [2][-]{subsection.2.1.1}{\376\377\000A\000c\000c\000\350\000s\000\040\000d\000i\000s\000t\000a\000n\000t\000\040\000a\000u\000\040\000c\000l\000u\000s\000t\000e\000r\000\040\000\050\000O\000p\000t\000i\000o\000n\000n\000e\000l\000\051}{section.2.1}% 11
\BOOKMARK [2][-]{subsection.2.1.2}{\376\377\000I\000n\000s\000t\000a\000l\000l\000a\000t\000i\000o\000n\000\040\000d\000'\000h\000e\000l\000m}{section.2.1}% 12
\BOOKMARK [2][-]{subsection.2.1.3}{\376\377\000I\000n\000s\000t\000a\000l\000l\000a\000t\000i\000o\000n\000\040\000d\000e\000\040\000k\000u\000b\000e\000c\000t\000l}{section.2.1}% 13
\BOOKMARK [2][-]{subsection.2.1.4}{\376\377\000I\000n\000s\000t\000a\000l\000l\000a\000t\000i\000o\000n\000\040\000d\000e\000\040\000C\000a\000l\000i\000c\000o\000c\000t\000l}{section.2.1}% 14
\BOOKMARK [2][-]{subsection.2.1.5}{\376\377\000D\000\351\000p\000l\000o\000i\000e\000m\000e\000n\000t\000\040\000d\000e\000\040\000l\000'\000a\000p\000p\000l\000i\000c\000a\000t\000i\000o\000n\000\040\000R\000a\000n\000c\000h\000e\000r\000\040\000s\000u\000r\000\040\000l\000e\000\040\000c\000l\000u\000s\000t\000e\000r\000\040\000k\0003\000s}{section.2.1}% 15
\BOOKMARK [2][-]{subsection.2.1.6}{\376\377\000P\000o\000u\000r\000\040\000a\000r\000r\000\352\000t\000e\000r\000/\000p\000a\000u\000s\000e\000r\000\040\000R\000a\000n\000c\000h\000e\000r}{section.2.1}% 16
\BOOKMARK [2][-]{subsection.2.1.7}{\376\377\000S\000u\000p\000p\000r\000e\000s\000s\000i\000o\000n\000\040\000d\000e\000\040\000r\000a\000n\000c\000h\000e\000r}{section.2.1}% 17
\BOOKMARK [2][-]{subsection.2.1.8}{\376\377\000A\000j\000o\000u\000t\000\040\000d\000'\000u\000n\000\040\000c\000e\000r\000t\000i\000f\000i\000c\000a\000t\000\040\000R\000o\000o\000t}{section.2.1}% 18
\BOOKMARK [1][-]{section.2.2}{\376\377\000R\000\351\000i\000n\000i\000t\000i\000a\000l\000i\000s\000a\000t\000i\000o\000n\000\040\000d\000u\000\040\000c\000l\000u\000s\000t\000e\000r}{chapter.2}% 19
\BOOKMARK [0][-]{chapter.3}{\376\377\000C\000r\000\351\000a\000t\000i\000o\000n\000\040\000d\000'\000u\000n\000\040\000c\000l\000u\000s\000t\000e\000r\000\040\000R\000K\000E\0002}{}% 20
\BOOKMARK [1][-]{section.3.1}{\376\377\000E\000n\000r\000\364\000l\000e\000m\000e\000n\000t\000\040\000d\000e\000\040\000m\000a\000c\000h\000i\000n\000e\000s}{chapter.3}% 21
\BOOKMARK [2][-]{subsection.3.1.1}{\376\377\000V\000a\000r\000i\000a\000b\000l\000e\000s\000\040\000d\000'\000e\000n\000v\000i\000r\000o\000n\000n\000e\000m\000e\000n\000t}{section.3.1}% 22
\BOOKMARK [2][-]{subsection.3.1.2}{\376\377\000A\000j\000o\000u\000t\000\040\000d\000'\000u\000n\000e\000\040\000m\000\342\000c\000h\000i\000n\000e\000\040\000M\000a\000s\000t\000e\000r}{section.3.1}% 23
\BOOKMARK [2][-]{subsection.3.1.3}{\376\377\000A\000j\000o\000u\000t\000\040\000d\000'\000u\000n\000e\000\040\000m\000a\000c\000h\000i\000n\000e\000\040\000W\000o\000r\000k\000e\000r\000\040\000o\000n\000l\000y}{section.3.1}% 24
\BOOKMARK [0][-]{chapter.4}{\376\377\000R\000e\000p\000l\000i\000c\000a\000t\000i\000o\000n\000\040\000d\000u\000\040\000N\000o\000e\000u\000d\000\040\000M\000a\000s\000t\000e\000r}{}% 25
\BOOKMARK [0][-]{chapter.5}{\376\377\000D\000e\000p\000l\000o\000i\000e\000m\000e\000n\000t\000\040\000d\000e\000\040\000l\000'\000a\000p\000p\000l\000i\000c\000a\000t\000i\000o\000n}{}% 26
\BOOKMARK [1][-]{section.5.1}{\376\377\000C\000h\000a\000n\000g\000e\000m\000e\000n\000t\000\040\000d\000e\000\040\000s\000p\000\351\000c\000i\000f\000i\000c\000a\000t\000i\000o\000n\000\040\000a\000v\000e\000c\000\040\000m\000i\000g\000r\000a\000t\000i\000o\000n\000\040\000D\000o\000c\000k\000e\000r\000\040\000\340\000\040\000K\000u\000b\000e\000r\000n\000e\000t\000e\000s}{chapter.5}% 27
\BOOKMARK [1][-]{section.5.2}{\376\377\000S\000t\000o\000c\000k\000a\000g\000e\000\040\000l\000o\000c\000a\000l\000\040\000d\000e\000\040\000v\000o\000l\000u\000m\000e\000s\000\040\000K\000u\000b\000e\000r\000n\000e\000t\000e\000s}{chapter.5}% 28
\BOOKMARK [0][-]{chapter.6}{\376\377\000D\000\351\000p\000l\000o\000i\000e\000m\000e\000n\000t\000\040\000d\000e\000\040\000c\000o\000m\000p\000o\000s\000a\000n\000t\000s\000\040\000a\000n\000n\000e\000x\000e\000s}{}% 29
\BOOKMARK [1][-]{section.6.1}{\376\377\000G\000i\000t\000l\000a\000b}{chapter.6}% 30
\BOOKMARK [2][-]{subsection.6.1.1}{\376\377\000P\000h\000a\000s\000e\000\040\0001\000:\000\040\000C\000r\000e\000a\000t\000i\000o\000n\000\040\000d\000e\000s\000\040\000v\000o\000l\000u\000m\000e\000s}{section.6.1}% 31
\BOOKMARK [2][-]{subsection.6.1.2}{\376\377\000P\000h\000a\000s\000e\000\040\0002\000:\000\040\000C\000r\000e\000a\000t\000i\000o\000n\000\040\000d\000e\000\040\000l\000a\000\040\000C\000o\000n\000f\000i\000g\000M\000a\000p}{section.6.1}% 32
\BOOKMARK [2][-]{subsection.6.1.3}{\376\377\000P\000h\000a\000s\000e\000\040\0003\000:\000\040\000D\000e\000p\000l\000o\000i\000e\000m\000e\000n\000t\000\040\000d\000e\000s\000\040\000p\000o\000d\000s}{section.6.1}% 33
\BOOKMARK [3][-]{subsubsection.6.1.3.1}{\376\377\000V\000a\000r\000i\000a\000b\000l\000e\000s\000\040\000d\000'\000e\000n\000v\000i\000r\000o\000n\000n\000m\000e\000n\000t\000s}{subsection.6.1.3}% 34
\BOOKMARK [3][-]{subsubsection.6.1.3.2}{\376\377\000C\000o\000n\000t\000e\000n\000e\000u\000r}{subsection.6.1.3}% 35
\BOOKMARK [3][-]{subsubsection.6.1.3.3}{\376\377\000O\000u\000v\000e\000r\000t\000u\000r\000e\000\040\000d\000e\000\040\000p\000o\000r\000t\000s}{subsection.6.1.3}% 36
\BOOKMARK [3][-]{subsubsection.6.1.3.4}{\376\377\000S\000t\000o\000r\000a\000g\000e\000\040\000\050\000V\000o\000l\000u\000m\000e\000\040\000M\000o\000u\000n\000t\000s\000\051}{subsection.6.1.3}% 37
\BOOKMARK [3][-]{subsubsection.6.1.3.5}{\376\377\000S\000e\000c\000u\000r\000i\000t\000y\000\040\000C\000o\000n\000t\000e\000x\000t}{subsection.6.1.3}% 38
\BOOKMARK [2][-]{subsection.6.1.4}{\376\377\000P\000h\000a\000s\000e\000\040\0004\000:\000\040\000A\000t\000t\000e\000n\000t\000e}{section.6.1}% 39
\BOOKMARK [2][-]{subsection.6.1.5}{\376\377\000P\000h\000a\000s\000e\000\040\0005\000:\000\040\000C\000r\000\351\000a\000t\000i\000o\000n\000\040\000d\000'\000u\000n\000e\000\040\000r\000e\000d\000i\000r\000e\000c\000t\000i\000o\000n\000\040\000d\000e\000\040\000p\000a\000q\000u\000e\000t\000s\000\040\000a\000v\000e\000c\000\040\000u\000n\000\040\000I\000n\000g\000r\000e\000s\000s}{section.6.1}% 40
\BOOKMARK [2][-]{subsection.6.1.6}{\376\377\000P\000h\000a\000s\000e\000\040\0006\000:\000\040\000R\000\351\000c\000u\000p\000\351\000r\000a\000t\000i\000o\000n\000\040\000d\000u\000\040\000m\000o\000t\000\040\000d\000e\000\040\000p\000a\000s\000s\000e}{section.6.1}% 41
\BOOKMARK [1][-]{section.6.2}{\376\377\000G\000i\000t\000l\000a\000b\000\040\000a\000v\000e\000c\000\040\000H\000e\000l\000m}{chapter.6}% 42
\BOOKMARK [1][-]{section.6.3}{\376\377\000G\000i\000t\000l\000a\000b\000\040\000r\000u\000n\000n\000e\000r}{chapter.6}% 43
\BOOKMARK [1][-]{section.6.4}{\376\377\000L\000o\000a\000d\000B\000a\000l\000a\000n\000c\000e\000r\000\040\000a\000v\000e\000c\000\040\000M\000e\000t\000a\000l\000L\000B}{chapter.6}% 44
\BOOKMARK [1][-]{section.6.5}{\376\377\000D\000o\000c\000k\000e\000r\000\040\000R\000e\000g\000i\000s\000t\000r\000y}{chapter.6}% 45
\BOOKMARK [2][-]{subsection.6.5.1}{\376\377\000P\000h\000a\000s\000e\000\040\0001\000:\000\040\000C\000r\000e\000a\000t\000i\000o\000n\000\040\000d\000e\000s\000\040\000P\000V\000C}{section.6.5}% 46
\BOOKMARK [2][-]{subsection.6.5.2}{\376\377\000P\000h\000a\000s\000e\000\040\0002\000:\000\040\000D\000e\000p\000l\000o\000i\000e\000m\000e\000n\000t\000\040\000d\000e\000s\000\040\000p\000o\000d\000s}{section.6.5}% 47
\BOOKMARK [2][-]{subsection.6.5.3}{\376\377\000P\000h\000a\000s\000e\000\040\0003\000\040\000:\000\040\000U\000I}{section.6.5}% 48
\BOOKMARK [2][-]{subsection.6.5.4}{\376\377\000P\000h\000a\000s\000e\000\040\0004\000:\000\040\000C\000r\000\351\000a\000t\000i\000o\000n\000\040\000d\000'\000u\000n\000\040\000I\000n\000g\000r\000e\000s\000s\000\040\000a\000v\000e\000c\000\040\000H\000T\000T\000P\000S}{section.6.5}% 49
\BOOKMARK [2][-]{subsection.6.5.5}{\376\377\000P\000h\000a\000s\000e\000\040\0005\000:\000\040\000D\000o\000c\000k\000e\000r\000\040\000p\000u\000s\000h}{section.6.5}% 50
\BOOKMARK [0][-]{chapter.7}{\376\377\000T\000r\000o\000u\000b\000l\000e\000s\000h\000o\000o\000t\000i\000n\000g}{}% 51
\BOOKMARK [1][-]{section.7.1}{\376\377\000P\000r\000o\000b\000l\000\350\000m\000e\000\040\000d\000e\000\040\000c\000e\000r\000t\000i\000f\000i\000c\000a\000t\000s\000\040\000S\000S\000L}{chapter.7}% 52
\BOOKMARK [1][-]{section.7.2}{\376\377\000C\000a\000n\000n\000o\000t\000\040\000a\000l\000l\000o\000c\000a\000t\000e\000\040\000n\000e\000w\000\040\000b\000l\000o\000c\000k\000\040\000d\000u\000e\000\040\000t\000o\000\040\000p\000e\000r\000\040\000h\000o\000s\000t\000\040\000b\000l\000o\000c\000k\000\040\000l\000i\000m\000i\000t}{chapter.7}% 53
\BOOKMARK [1][-]{section.7.3}{\376\377\000D\000N\000S}{chapter.7}% 54
